<?xml version="1.0" encoding="UTF-8"?>
<!-- Generated by org.testng.reporters.JUnitXMLReporter -->
<testsuite ignored="0" hostname="DESKTOP-HVSKTJH" failures="0" tests="0" name="Test-2" time="437.929" errors="0" timestamp="2024-02-28T01:44:36 WAT">
</testsuite> <!-- Test-2 -->
