<?xml version="1.0" encoding="UTF-8"?>
<!-- Generated by org.testng.reporters.JUnitReportReporter -->
<testsuite hostname="DESKTOP-HVSKTJH" failures="0" tests="3" name="runners.Runner" time="105.587" errors="3" timestamp="2024-02-24T00:15:18 WAT" skipped="0">
  <testcase classname="runners.Runner" name="setUpClass" time="47.578">
    <error message="&#039;java.lang.String org.apache.commons.io.IOUtils.toString(java.io.InputStream, java.nio.charset.Charset)&#039;" type="java.lang.NoSuchMethodError">
      <![CDATA[java.lang.NoSuchMethodError: 'java.lang.String org.apache.commons.io.IOUtils.toString(java.io.InputStream, java.nio.charset.Charset)'
at io.github.bonigarcia.wdm.versions.VersionDetector.getProperties(VersionDetector.java:343)
at io.github.bonigarcia.wdm.versions.VersionDetector.getBrowserVersionFromTheShell(VersionDetector.java:242)
at io.github.bonigarcia.wdm.WebDriverManager.getBrowserVersionFromTheShell(WebDriverManager.java:1317)
at io.github.bonigarcia.wdm.WebDriverManager.detectBrowserVersion(WebDriverManager.java:1337)
at io.github.bonigarcia.wdm.WebDriverManager.resolveDriverVersion(WebDriverManager.java:1193)
at io.github.bonigarcia.wdm.WebDriverManager.manage(WebDriverManager.java:1143)
at io.github.bonigarcia.wdm.WebDriverManager.setup(WebDriverManager.java:420)
at stepDefinition.Base.setup(Base.java:55)
]]>
    </error>
  </testcase> <!-- setUpClass -->
  <testcase classname="runners.Runner" name="setUpClass" time="29.022">
    <error message="&#039;java.lang.String org.apache.commons.io.IOUtils.toString(java.io.InputStream, java.nio.charset.Charset)&#039;" type="java.lang.NoSuchMethodError">
      <![CDATA[java.lang.NoSuchMethodError: 'java.lang.String org.apache.commons.io.IOUtils.toString(java.io.InputStream, java.nio.charset.Charset)'
at io.github.bonigarcia.wdm.versions.VersionDetector.getProperties(VersionDetector.java:343)
at io.github.bonigarcia.wdm.versions.VersionDetector.getBrowserVersionFromTheShell(VersionDetector.java:242)
at io.github.bonigarcia.wdm.WebDriverManager.getBrowserVersionFromTheShell(WebDriverManager.java:1317)
at io.github.bonigarcia.wdm.WebDriverManager.detectBrowserVersion(WebDriverManager.java:1337)
at io.github.bonigarcia.wdm.WebDriverManager.resolveDriverVersion(WebDriverManager.java:1193)
at io.github.bonigarcia.wdm.WebDriverManager.manage(WebDriverManager.java:1143)
at io.github.bonigarcia.wdm.WebDriverManager.setup(WebDriverManager.java:420)
at stepDefinition.Base.setup(Base.java:55)
]]>
    </error>
  </testcase> <!-- setUpClass -->
  <testcase classname="runners.Runner" name="setUpClass" time="28.987">
    <error message="&#039;java.lang.String org.apache.commons.io.IOUtils.toString(java.io.InputStream, java.nio.charset.Charset)&#039;" type="java.lang.NoSuchMethodError">
      <![CDATA[java.lang.NoSuchMethodError: 'java.lang.String org.apache.commons.io.IOUtils.toString(java.io.InputStream, java.nio.charset.Charset)'
at io.github.bonigarcia.wdm.versions.VersionDetector.getProperties(VersionDetector.java:343)
at io.github.bonigarcia.wdm.versions.VersionDetector.getBrowserVersionFromTheShell(VersionDetector.java:242)
at io.github.bonigarcia.wdm.WebDriverManager.getBrowserVersionFromTheShell(WebDriverManager.java:1317)
at io.github.bonigarcia.wdm.WebDriverManager.detectBrowserVersion(WebDriverManager.java:1337)
at io.github.bonigarcia.wdm.WebDriverManager.resolveDriverVersion(WebDriverManager.java:1193)
at io.github.bonigarcia.wdm.WebDriverManager.manage(WebDriverManager.java:1143)
at io.github.bonigarcia.wdm.WebDriverManager.setup(WebDriverManager.java:420)
at stepDefinition.Base.setup(Base.java:55)
]]>
    </error>
  </testcase> <!-- setUpClass -->
</testsuite> <!-- runners.Runner -->
