<?xml version="1.0" encoding="UTF-8"?>
<!-- Generated by org.testng.reporters.JUnitReportReporter -->
<testsuite hostname="DESKTOP-HVSKTJH" failures="0" tests="2" name="runners.Runner" time="10.973" errors="0" timestamp="2024-01-26T03:17:52 WAT" skipped="0">
  <testcase classname="runners.Runner" name="runScenario" time="5.644"/>
  <testcase classname="runners.Runner" name="runScenario" time="5.329"/>
</testsuite> <!-- runners.Runner -->
