<?xml version="1.0" encoding="UTF-8"?>
<!-- Generated by org.testng.reporters.JUnitReportReporter -->
<testsuite hostname="DESKTOP-HVSKTJH" failures="0" tests="2" name="runners.Runner" time="17.978" errors="0" timestamp="2024-01-29T11:32:03 WAT" skipped="0">
  <testcase classname="runners.Runner" name="runScenario" time="11.604"/>
  <testcase classname="runners.Runner" name="runScenario" time="6.374"/>
</testsuite> <!-- runners.Runner -->
